2024-05-25 10:42:08.213 [main] DEBUG ktor.application - Java Home: /Users/adrianwitaszak/.sdkman/candidates/java
2024-05-25 10:42:08.214 [main] DEBUG ktor.application - Class Loader: jdk.internal.loader.ClassLoaders$AppClassLoader@1cf4f579: [file:/Users/adrianwitaszak/CharLEEX/BeNatty/BeNatty-Client/apps/shop/web/.kobweb/server/server.jar!/ch]
2024-05-25 10:42:08.226 [main] WARN  ktor.application - API jar specified but does not exist! Please fix conf.yaml. Invalid path: "build/libs/benatty.jar"
2024-05-25 10:42:08.255 [main] INFO  ktor.application - Application started in 0.08 seconds.
2024-05-25 10:42:08.344 [main] INFO  ktor.application - Responding at http://0.0.0.0:8081
2024-05-25 10:43:20.654 [eventLoopGroupProxy-4-1] DEBUG ktor.application - Client connected and is requesting kobweb status events.
2024-05-25 10:53:20.711 [eventLoopGroupProxy-4-1] DEBUG ktor.application - Stopped sending kobweb status events, probably because client disconnected or server is shutting down. (ChannelWriteException: Cannot write to a channel)
2024-05-25 10:53:21.377 [eventLoopGroupProxy-4-5] DEBUG ktor.application - Client connected and is requesting kobweb status events.
2024-05-25 10:54:36.841 [eventLoopGroupProxy-4-5] DEBUG ktor.application - Stopped sending kobweb status events, probably because client disconnected or server is shutting down. (ChannelWriteException: Cannot write to a channel)
2024-05-25 10:54:37.890 [eventLoopGroupProxy-4-6] DEBUG ktor.application - Client connected and is requesting kobweb status events.
2024-05-25 10:55:37.877 [eventLoopGroupProxy-4-6] DEBUG ktor.application - Stopped sending kobweb status events, probably because client disconnected or server is shutting down. (ChannelWriteException: Cannot write to a channel)
2024-05-25 10:55:39.066 [eventLoopGroupProxy-4-9] DEBUG ktor.application - Client connected and is requesting kobweb status events.
2024-05-25 10:57:34.223 [eventLoopGroupProxy-4-9] DEBUG ktor.application - Stopped sending kobweb status events, probably because client disconnected or server is shutting down. (ChannelWriteException: Cannot write to a channel)
2024-05-25 10:57:35.428 [eventLoopGroupProxy-4-10] DEBUG ktor.application - Client connected and is requesting kobweb status events.
2024-05-25 10:58:41.485 [eventLoopGroupProxy-4-10] DEBUG ktor.application - Stopped sending kobweb status events, probably because client disconnected or server is shutting down. (ChannelWriteException: Cannot write to a channel)
2024-05-25 10:58:41.996 [eventLoopGroupProxy-4-7] DEBUG ktor.application - Client connected and is requesting kobweb status events.
2024-05-25 11:01:22.979 [eventLoopGroupProxy-4-7] DEBUG ktor.application - Stopped sending kobweb status events, probably because client disconnected or server is shutting down. (ChannelWriteException: Cannot write to a channel)
2024-05-25 11:01:23.538 [eventLoopGroupProxy-4-2] DEBUG ktor.application - Client connected and is requesting kobweb status events.
2024-05-25 11:21:20.540 [eventLoopGroupProxy-4-2] DEBUG ktor.application - Stopped sending kobweb status events, probably because client disconnected or server is shutting down. (ChannelWriteException: Cannot write to a channel)
2024-05-25 11:21:21.033 [eventLoopGroupProxy-4-4] DEBUG ktor.application - Client connected and is requesting kobweb status events.
2024-05-25 11:21:46.526 [eventLoopGroupProxy-4-4] DEBUG ktor.application - Stopped sending kobweb status events, probably because client disconnected or server is shutting down. (ChannelWriteException: Cannot write to a channel)
2024-05-25 11:21:46.979 [eventLoopGroupProxy-4-7] DEBUG ktor.application - Client connected and is requesting kobweb status events.
2024-05-25 11:22:11.270 [eventLoopGroupProxy-4-7] DEBUG ktor.application - Stopped sending kobweb status events, probably because client disconnected or server is shutting down. (ChannelWriteException: Cannot write to a channel)
2024-05-25 11:22:11.727 [eventLoopGroupProxy-4-8] DEBUG ktor.application - Client connected and is requesting kobweb status events.
2024-05-25 11:23:10.549 [eventLoopGroupProxy-4-8] DEBUG ktor.application - Stopped sending kobweb status events, probably because client disconnected or server is shutting down. (ChannelWriteException: Cannot write to a channel)
2024-05-25 11:23:11.032 [eventLoopGroupProxy-4-9] DEBUG ktor.application - Client connected and is requesting kobweb status events.
2024-05-25 11:23:25.000 [eventLoopGroupProxy-4-9] DEBUG ktor.application - Stopped sending kobweb status events, probably because client disconnected or server is shutting down. (ChannelWriteException: Cannot write to a channel)
2024-05-25 11:23:25.453 [eventLoopGroupProxy-4-5] DEBUG ktor.application - Client connected and is requesting kobweb status events.
2024-05-25 11:23:47.306 [eventLoopGroupProxy-4-5] DEBUG ktor.application - Stopped sending kobweb status events, probably because client disconnected or server is shutting down. (ChannelWriteException: Cannot write to a channel)
2024-05-25 11:23:47.791 [eventLoopGroupProxy-4-1] DEBUG ktor.application - Client connected and is requesting kobweb status events.
2024-05-25 11:24:19.970 [eventLoopGroupProxy-4-1] DEBUG ktor.application - Stopped sending kobweb status events, probably because client disconnected or server is shutting down. (ChannelWriteException: Cannot write to a channel)
2024-05-25 11:24:20.421 [eventLoopGroupProxy-4-6] DEBUG ktor.application - Client connected and is requesting kobweb status events.
2024-05-25 11:24:44.738 [eventLoopGroupProxy-4-6] DEBUG ktor.application - Stopped sending kobweb status events, probably because client disconnected or server is shutting down. (ChannelWriteException: Cannot write to a channel)
2024-05-25 11:24:45.239 [eventLoopGroupProxy-4-3] DEBUG ktor.application - Client connected and is requesting kobweb status events.
2024-05-25 11:25:20.712 [eventLoopGroupProxy-4-3] DEBUG ktor.application - Stopped sending kobweb status events, probably because client disconnected or server is shutting down. (ChannelWriteException: Cannot write to a channel)
2024-05-25 11:25:21.188 [eventLoopGroupProxy-4-4] DEBUG ktor.application - Client connected and is requesting kobweb status events.
2024-05-25 11:26:31.599 [eventLoopGroupProxy-4-4] DEBUG ktor.application - Stopped sending kobweb status events, probably because client disconnected or server is shutting down. (ChannelWriteException: Cannot write to a channel)
2024-05-25 11:26:32.123 [eventLoopGroupProxy-4-5] DEBUG ktor.application - Client connected and is requesting kobweb status events.
2024-05-25 11:26:44.566 [eventLoopGroupProxy-4-5] DEBUG ktor.application - Stopped sending kobweb status events, probably because client disconnected or server is shutting down. (ChannelWriteException: Cannot write to a channel)
2024-05-25 11:26:45.035 [eventLoopGroupProxy-4-6] DEBUG ktor.application - Client connected and is requesting kobweb status events.
2024-05-25 11:27:12.047 [eventLoopGroupProxy-4-6] DEBUG ktor.application - Stopped sending kobweb status events, probably because client disconnected or server is shutting down. (ChannelWriteException: Cannot write to a channel)
2024-05-25 11:27:12.493 [eventLoopGroupProxy-4-10] DEBUG ktor.application - Client connected and is requesting kobweb status events.
2024-05-25 11:27:30.132 [eventLoopGroupProxy-4-10] DEBUG ktor.application - Stopped sending kobweb status events, probably because client disconnected or server is shutting down. (ChannelWriteException: Cannot write to a channel)
2024-05-25 11:27:30.582 [eventLoopGroupProxy-4-7] DEBUG ktor.application - Client connected and is requesting kobweb status events.
2024-05-25 11:27:46.694 [eventLoopGroupProxy-4-7] DEBUG ktor.application - Stopped sending kobweb status events, probably because client disconnected or server is shutting down. (ChannelWriteException: Cannot write to a channel)
2024-05-25 11:27:47.185 [eventLoopGroupProxy-4-9] DEBUG ktor.application - Client connected and is requesting kobweb status events.
2024-05-25 11:28:08.755 [eventLoopGroupProxy-4-9] DEBUG ktor.application - Stopped sending kobweb status events, probably because client disconnected or server is shutting down. (ChannelWriteException: Cannot write to a channel)
2024-05-25 11:28:09.243 [eventLoopGroupProxy-4-10] DEBUG ktor.application - Client connected and is requesting kobweb status events.
2024-05-25 11:28:40.193 [eventLoopGroupProxy-4-10] DEBUG ktor.application - Stopped sending kobweb status events, probably because client disconnected or server is shutting down. (ChannelWriteException: Cannot write to a channel)
2024-05-25 11:28:40.667 [eventLoopGroupProxy-4-1] DEBUG ktor.application - Client connected and is requesting kobweb status events.
2024-05-25 11:29:17.088 [eventLoopGroupProxy-4-1] DEBUG ktor.application - Stopped sending kobweb status events, probably because client disconnected or server is shutting down. (ChannelWriteException: Cannot write to a channel)
2024-05-25 11:29:17.564 [eventLoopGroupProxy-4-2] DEBUG ktor.application - Client connected and is requesting kobweb status events.
2024-05-25 11:29:31.551 [eventLoopGroupProxy-4-2] DEBUG ktor.application - Stopped sending kobweb status events, probably because client disconnected or server is shutting down. (ChannelWriteException: Cannot write to a channel)
2024-05-25 11:29:32.068 [eventLoopGroupProxy-4-3] DEBUG ktor.application - Client connected and is requesting kobweb status events.
2024-05-25 11:29:52.083 [eventLoopGroupProxy-4-3] DEBUG ktor.application - Stopped sending kobweb status events, probably because client disconnected or server is shutting down. (ChannelWriteException: Cannot write to a channel)
2024-05-25 11:29:52.596 [eventLoopGroupProxy-4-2] DEBUG ktor.application - Client connected and is requesting kobweb status events.
2024-05-25 11:30:09.296 [eventLoopGroupProxy-4-2] DEBUG ktor.application - Stopped sending kobweb status events, probably because client disconnected or server is shutting down. (ChannelWriteException: Cannot write to a channel)
2024-05-25 11:30:09.766 [eventLoopGroupProxy-4-8] DEBUG ktor.application - Client connected and is requesting kobweb status events.
2024-05-25 11:30:36.539 [eventLoopGroupProxy-4-8] DEBUG ktor.application - Stopped sending kobweb status events, probably because client disconnected or server is shutting down. (ChannelWriteException: Cannot write to a channel)
2024-05-25 11:30:37.044 [eventLoopGroupProxy-4-6] DEBUG ktor.application - Client connected and is requesting kobweb status events.
2024-05-25 11:32:21.557 [eventLoopGroupProxy-4-6] DEBUG ktor.application - Stopped sending kobweb status events, probably because client disconnected or server is shutting down. (ChannelWriteException: Cannot write to a channel)
2024-05-25 11:32:22.028 [eventLoopGroupProxy-4-7] DEBUG ktor.application - Client connected and is requesting kobweb status events.
2024-05-25 11:32:50.272 [eventLoopGroupProxy-4-7] DEBUG ktor.application - Stopped sending kobweb status events, probably because client disconnected or server is shutting down. (ChannelWriteException: Cannot write to a channel)
2024-05-25 11:32:50.775 [eventLoopGroupProxy-4-8] DEBUG ktor.application - Client connected and is requesting kobweb status events.
2024-05-25 11:33:10.521 [eventLoopGroupProxy-4-8] DEBUG ktor.application - Stopped sending kobweb status events, probably because client disconnected or server is shutting down. (ChannelWriteException: Cannot write to a channel)
2024-05-25 11:33:11.012 [eventLoopGroupProxy-4-9] DEBUG ktor.application - Client connected and is requesting kobweb status events.
2024-05-25 11:33:32.853 [eventLoopGroupProxy-4-9] DEBUG ktor.application - Stopped sending kobweb status events, probably because client disconnected or server is shutting down. (ChannelWriteException: Cannot write to a channel)
2024-05-25 11:33:33.374 [eventLoopGroupProxy-4-10] DEBUG ktor.application - Client connected and is requesting kobweb status events.
