2024-01-25 10:02:04.016 [main] DEBUG ktor.application - Java Home: /Users/adrianwitaszak/.sdkman/candidates/java
2024-01-25 10:02:04.017 [main] DEBUG ktor.application - Class Loader: jdk.internal.loader.ClassLoaders$AppClassLoader@22d8cfe0: [file:/Users/adrianwitaszak/CharLEEX/NatShop/NatShop-Client/web/.kobweb/server/server.jar!/ch]
2024-01-25 10:02:04.027 [main] WARN  ktor.application - API jar specified but does not exist! Please fix conf.yaml. Invalid path: "build/libs/nataliashop.jar"
2024-01-25 10:02:04.053 [main] INFO  ktor.application - Application started in 0.072 seconds.
2024-01-25 10:02:04.131 [main] INFO  ktor.application - Responding at http://0.0.0.0:8081
2024-01-25 10:02:32.382 [eventLoopGroupProxy-4-2] DEBUG ktor.application - Client connected and is requesting kobweb status events.
2024-01-25 10:03:36.615 [eventLoopGroupProxy-4-2] DEBUG ktor.application - Stopped sending kobweb status events, probably because client disconnected or server is shutting down. (ChannelWriteException: Cannot write to a channel)
2024-01-25 10:03:37.285 [eventLoopGroupProxy-4-3] DEBUG ktor.application - Client connected and is requesting kobweb status events.
2024-01-25 10:04:43.734 [eventLoopGroupProxy-4-3] DEBUG ktor.application - Stopped sending kobweb status events, probably because client disconnected or server is shutting down. (ChannelWriteException: Cannot write to a channel)
2024-01-25 10:04:44.373 [eventLoopGroupProxy-4-1] DEBUG ktor.application - Client connected and is requesting kobweb status events.
2024-01-25 10:04:55.897 [eventLoopGroupProxy-4-1] DEBUG ktor.application - Stopped sending kobweb status events, probably because client disconnected or server is shutting down. (ChannelWriteException: Cannot write to a channel)
2024-01-25 10:04:56.515 [eventLoopGroupProxy-4-4] DEBUG ktor.application - Client connected and is requesting kobweb status events.
2024-01-25 10:05:10.765 [eventLoopGroupProxy-4-4] DEBUG ktor.application - Stopped sending kobweb status events, probably because client disconnected or server is shutting down. (ChannelWriteException: Cannot write to a channel)
2024-01-25 10:05:11.395 [eventLoopGroupProxy-4-5] DEBUG ktor.application - Client connected and is requesting kobweb status events.
2024-01-25 10:05:49.072 [eventLoopGroupProxy-4-5] DEBUG ktor.application - Stopped sending kobweb status events, probably because client disconnected or server is shutting down. (ChannelWriteException: Cannot write to a channel)
2024-01-25 10:05:49.742 [eventLoopGroupProxy-4-6] DEBUG ktor.application - Client connected and is requesting kobweb status events.
2024-01-25 10:06:12.812 [eventLoopGroupProxy-4-6] DEBUG ktor.application - Stopped sending kobweb status events, probably because client disconnected or server is shutting down. (ChannelWriteException: Cannot write to a channel)
2024-01-25 10:06:13.433 [eventLoopGroupProxy-4-7] DEBUG ktor.application - Client connected and is requesting kobweb status events.
2024-01-25 10:06:25.562 [eventLoopGroupProxy-4-7] DEBUG ktor.application - Stopped sending kobweb status events, probably because client disconnected or server is shutting down. (ChannelWriteException: Cannot write to a channel)
2024-01-25 10:06:26.224 [eventLoopGroupProxy-4-8] DEBUG ktor.application - Client connected and is requesting kobweb status events.
2024-01-25 10:06:39.868 [eventLoopGroupProxy-4-8] DEBUG ktor.application - Stopped sending kobweb status events, probably because client disconnected or server is shutting down. (ChannelWriteException: Cannot write to a channel)
2024-01-25 10:06:40.539 [eventLoopGroupProxy-4-9] DEBUG ktor.application - Client connected and is requesting kobweb status events.
2024-01-25 10:11:26.322 [eventLoopGroupProxy-4-9] DEBUG ktor.application - Stopped sending kobweb status events, probably because client disconnected or server is shutting down. (ChannelWriteException: Cannot write to a channel)
2024-01-25 10:11:26.961 [eventLoopGroupProxy-4-10] DEBUG ktor.application - Client connected and is requesting kobweb status events.
2024-01-25 10:16:06.802 [eventLoopGroupProxy-4-10] DEBUG ktor.application - Stopped sending kobweb status events, probably because client disconnected or server is shutting down. (ChannelWriteException: Cannot write to a channel)
2024-01-25 10:16:07.453 [eventLoopGroupProxy-4-2] DEBUG ktor.application - Client connected and is requesting kobweb status events.
